0 info it worked if it ends with ok
1 verbose cli [ 'C:\\Program Files\\nodejs\\node.exe',
1 verbose cli   'C:\\Users\\kilakal\\AppData\\Roaming\\npm\\node_modules\\npm\\bin\\npm-cli.js',
1 verbose cli   'version',
1 verbose cli   'minor' ]
2 info using npm@4.1.2
3 info using node@v8.11.1
4 info git [ 'status', '--porcelain' ]
5 info lifecycle fix-broken-eyes@1.9.0~preversion: fix-broken-eyes@1.9.0
6 verbose lifecycle fix-broken-eyes@1.9.0~preversion: unsafe-perm in lifecycle true
7 verbose lifecycle fix-broken-eyes@1.9.0~preversion: PATH: C:\Users\kilakal\AppData\Roaming\npm\node_modules\npm\bin\node-gyp-bin;C:\Users\emmafisher\fix-broken-eyes\node_modules\.bin;C:\ProgramData\Oracle\Java\javapath;C:\WINDOWS\system32;C:\WINDOWS;C:\WINDOWS\System32\Wbem;C:\WINDOWS\System32\WindowsPowerShell\v1.0\;C:\WINDOWS\System32\Windows System Resource Manager\bin;C:\WINDOWS\idmu\common;C:\Program Files (x86)\IBM\Client Access\Emulator;C:\Program Files (x86)\IBM\Client Access\Shared;C:\Program Files (x86)\IBM\Client Access\;C:\Program Files (x86)\GnuWin32\bin;C:\Program Files (x86)\Brackets\command;C:\Users\benjam55\AppData\Roaming\npm;C:\Users\kilakal\AppData\Roaming\npm;C:\Program Files\nodejs\;C:\Program Files\Git\cmd;C:\Program Files\Microsoft VS Code\bin;C:\Program Files\dotnet\;C:\Users\emmafisher\AppData\Roaming\npm;C:\Users\emmafisher\.dotnet\tools
8 verbose lifecycle fix-broken-eyes@1.9.0~preversion: CWD: C:\Users\emmafisher\fix-broken-eyes
9 silly lifecycle fix-broken-eyes@1.9.0~preversion: Args: [ '/d /s /c', 'node fix-broken-eyes.js' ]
10 silly lifecycle fix-broken-eyes@1.9.0~preversion: Returned: code: 0  signal: null
11 verbose version.write data { name: 'fix-broken-eyes',
11 verbose version.write   version: '1.9.0',
11 verbose version.write   description: '',
11 verbose version.write   main: 'fix-broken-eyes.js',
11 verbose version.write   scripts:
11 verbose version.write    { start: 'node fix-broken-eyes.js',
11 verbose version.write      test: 'echo "Error: no test specified" && exit 1',
11 verbose version.write      preversion: 'node fix-broken-eyes.js',
11 verbose version.write      version: 'git add package.json',
11 verbose version.write      postversion: 'git push && git merge master dev ' },
11 verbose version.write   author: 'Emma Fisher',
11 verbose version.write   license: 'MIT',
11 verbose version.write   dependencies:
11 verbose version.write    { async: '^2.6.0',
11 verbose version.write      'canvas-wrapper': 'github:byuitechops/canvas-wrapper',
11 verbose version.write      cheerio: '^1.0.0-rc.2',
11 verbose version.write      he: '^1.1.1',
11 verbose version.write      prompt: '^1.0.0' } } to package.json
12 info lifecycle fix-broken-eyes@1.9.0~version: fix-broken-eyes@1.9.0
13 verbose lifecycle fix-broken-eyes@1.9.0~version: unsafe-perm in lifecycle true
14 verbose lifecycle fix-broken-eyes@1.9.0~version: PATH: C:\Users\kilakal\AppData\Roaming\npm\node_modules\npm\bin\node-gyp-bin;C:\Users\emmafisher\fix-broken-eyes\node_modules\.bin;C:\ProgramData\Oracle\Java\javapath;C:\WINDOWS\system32;C:\WINDOWS;C:\WINDOWS\System32\Wbem;C:\WINDOWS\System32\WindowsPowerShell\v1.0\;C:\WINDOWS\System32\Windows System Resource Manager\bin;C:\WINDOWS\idmu\common;C:\Program Files (x86)\IBM\Client Access\Emulator;C:\Program Files (x86)\IBM\Client Access\Shared;C:\Program Files (x86)\IBM\Client Access\;C:\Program Files (x86)\GnuWin32\bin;C:\Program Files (x86)\Brackets\command;C:\Users\benjam55\AppData\Roaming\npm;C:\Users\kilakal\AppData\Roaming\npm;C:\Program Files\nodejs\;C:\Program Files\Git\cmd;C:\Program Files\Microsoft VS Code\bin;C:\Program Files\dotnet\;C:\Users\emmafisher\AppData\Roaming\npm;C:\Users\emmafisher\.dotnet\tools
15 verbose lifecycle fix-broken-eyes@1.9.0~version: CWD: C:\Users\emmafisher\fix-broken-eyes
16 silly lifecycle fix-broken-eyes@1.9.0~version: Args: [ '/d /s /c', 'git add package.json' ]
17 silly lifecycle fix-broken-eyes@1.9.0~version: Returned: code: 0  signal: null
18 info git [ 'add',
18 info git   'C:\\Users\\emmafisher\\fix-broken-eyes\\package.json' ]
19 info git [ 'commit', '-m', '1.9.0' ]
20 info git [ 'tag', 'v1.9.0', '-am', '1.9.0' ]
21 info lifecycle fix-broken-eyes@1.9.0~postversion: fix-broken-eyes@1.9.0
22 verbose lifecycle fix-broken-eyes@1.9.0~postversion: unsafe-perm in lifecycle true
23 verbose lifecycle fix-broken-eyes@1.9.0~postversion: PATH: C:\Users\kilakal\AppData\Roaming\npm\node_modules\npm\bin\node-gyp-bin;C:\Users\emmafisher\fix-broken-eyes\node_modules\.bin;C:\ProgramData\Oracle\Java\javapath;C:\WINDOWS\system32;C:\WINDOWS;C:\WINDOWS\System32\Wbem;C:\WINDOWS\System32\WindowsPowerShell\v1.0\;C:\WINDOWS\System32\Windows System Resource Manager\bin;C:\WINDOWS\idmu\common;C:\Program Files (x86)\IBM\Client Access\Emulator;C:\Program Files (x86)\IBM\Client Access\Shared;C:\Program Files (x86)\IBM\Client Access\;C:\Program Files (x86)\GnuWin32\bin;C:\Program Files (x86)\Brackets\command;C:\Users\benjam55\AppData\Roaming\npm;C:\Users\kilakal\AppData\Roaming\npm;C:\Program Files\nodejs\;C:\Program Files\Git\cmd;C:\Program Files\Microsoft VS Code\bin;C:\Program Files\dotnet\;C:\Users\emmafisher\AppData\Roaming\npm;C:\Users\emmafisher\.dotnet\tools
24 verbose lifecycle fix-broken-eyes@1.9.0~postversion: CWD: C:\Users\emmafisher\fix-broken-eyes
25 silly lifecycle fix-broken-eyes@1.9.0~postversion: Args: [ '/d /s /c', 'git push && git merge master dev ' ]
26 silly lifecycle fix-broken-eyes@1.9.0~postversion: Returned: code: 1  signal: null
27 info lifecycle fix-broken-eyes@1.9.0~postversion: Failed to exec postversion script
28 verbose stack Error: fix-broken-eyes@1.9.0 postversion: `git push && git merge master dev `
28 verbose stack Exit status 1
28 verbose stack     at EventEmitter.<anonymous> (C:\Users\kilakal\AppData\Roaming\npm\node_modules\npm\lib\utils\lifecycle.js:279:16)
28 verbose stack     at emitTwo (events.js:126:13)
28 verbose stack     at EventEmitter.emit (events.js:214:7)
28 verbose stack     at ChildProcess.<anonymous> (C:\Users\kilakal\AppData\Roaming\npm\node_modules\npm\lib\utils\spawn.js:40:14)
28 verbose stack     at emitTwo (events.js:126:13)
28 verbose stack     at ChildProcess.emit (events.js:214:7)
28 verbose stack     at maybeClose (internal/child_process.js:925:16)
28 verbose stack     at Process.ChildProcess._handle.onexit (internal/child_process.js:209:5)
29 verbose pkgid fix-broken-eyes@1.9.0
30 verbose cwd C:\Users\emmafisher\fix-broken-eyes
31 error Windows_NT 10.0.14393
32 error argv "C:\\Program Files\\nodejs\\node.exe" "C:\\Users\\kilakal\\AppData\\Roaming\\npm\\node_modules\\npm\\bin\\npm-cli.js" "version" "minor"
33 error node v8.11.1
34 error npm  v4.1.2
35 error code ELIFECYCLE
36 error fix-broken-eyes@1.9.0 postversion: `git push && git merge master dev `
36 error Exit status 1
37 error Failed at the fix-broken-eyes@1.9.0 postversion script 'git push && git merge master dev '.
37 error Make sure you have the latest version of node.js and npm installed.
37 error If you do, this is most likely a problem with the fix-broken-eyes package,
37 error not with npm itself.
37 error Tell the author that this fails on your system:
37 error     git push && git merge master dev
37 error You can get information on how to open an issue for this project with:
37 error     npm bugs fix-broken-eyes
37 error Or if that isn't available, you can get their info via:
37 error     npm owner ls fix-broken-eyes
37 error There is likely additional logging output above.
38 verbose exit [ 1, true ]
